<?xml version="1.0" encoding="UTF-8" ?>
<testsuite tests="1" failures="0" name="com.zhenggq.afterclasswork.mybatis.ch01.test.BlogMapperTest" time="0.494" errors="1" skipped="0">
  <properties>
[...]
</properties>
  <testcase classname="com.zhenggq.afterclasswork.mybatis.ch01.test.BlogMapperTest" name="com.zhenggq.afterclasswork.mybatis.ch01.test.BlogMapperTest" time="0.494">
    <error message="
### Error building SqlSession.
### The error may exist in mapper/BlogMapper.xml
### The error occurred while processing mapper_resultMap[BaseResultMap]
### Cause: org.apache.ibatis.builder.BuilderException: Error parsing SQL Mapper Configuration. Cause: org.apache.ibatis.builder.BuilderException: Error parsing Mapper XML. The XML location is &apos;mapper/BlogMapper.xml&apos;. Cause: java.lang.IllegalStateException: Type handler was null on parameter mapping for property &apos;authorId&apos;. It was either not specified and/or could not be found for the javaType (com.zhenggq.afterclasswork.mybatis.ch01.vo.Author) : jdbcType (INTEGER) combination." type="org.apache.ibatis.exceptions.PersistenceException">org.apache.ibatis.exceptions.PersistenceException: 
### Error building SqlSession.
### The error may exist in mapper/BlogMapper.xml
### The error occurred while processing mapper_resultMap[BaseResultMap]
### Cause: org.apache.ibatis.builder.BuilderException: Error parsing SQL Mapper Configuration. Cause: org.apache.ibatis.builder.BuilderException: Error parsing Mapper XML. The XML location is &apos;mapper/BlogMapper.xml&apos;. Cause: java.lang.IllegalStateException: Type handler was null on parameter mapping for property &apos;authorId&apos;. It was either not specified and/or could not be found for the javaType (com.zhenggq.afterclasswork.mybatis.ch01.vo.Author) : jdbcType (INTEGER) combination.
	at org.apache.ibatis.exceptions.ExceptionFactory.wrapException(ExceptionFactory.java:30)
	at org.apache.ibatis.session.SqlSessionFactoryBuilder.build(SqlSessionFactoryBuilder.java:80)
	at org.apache.ibatis.session.SqlSessionFactoryBuilder.build(SqlSessionFactoryBuilder.java:64)
	at com.zhenggq.afterclasswork.mybatis.ch01.test.BlogMapperTest.loadConfig(BlogMapperTest.java:31)
	at sun.reflect.NativeMethodAccessorImpl.invoke0(Native Method)
	at sun.reflect.NativeMethodAccessorImpl.invoke(NativeMethodAccessorImpl.java:62)
	at sun.reflect.DelegatingMethodAccessorImpl.invoke(DelegatingMethodAccessorImpl.java:43)
	at java.lang.reflect.Method.invoke(Method.java:498)
	at org.junit.runners.model.FrameworkMethod$1.runReflectiveCall(FrameworkMethod.java:50)
	at org.junit.internal.runners.model.ReflectiveCallable.run(ReflectiveCallable.java:12)
	at org.junit.runners.model.FrameworkMethod.invokeExplosively(FrameworkMethod.java:47)
	at org.junit.internal.runners.statements.RunBefores.evaluate(RunBefores.java:24)
	at org.junit.runners.ParentRunner.run(ParentRunner.java:363)
	at org.apache.maven.surefire.junit4.JUnit4Provider.execute(JUnit4Provider.java:252)
	at org.apache.maven.surefire.junit4.JUnit4Provider.executeTestSet(JUnit4Provider.java:141)
	at org.apache.maven.surefire.junit4.JUnit4Provider.invoke(JUnit4Provider.java:112)
	at sun.reflect.NativeMethodAccessorImpl.invoke0(Native Method)
	at sun.reflect.NativeMethodAccessorImpl.invoke(NativeMethodAccessorImpl.java:62)
	at sun.reflect.DelegatingMethodAccessorImpl.invoke(DelegatingMethodAccessorImpl.java:43)
	at java.lang.reflect.Method.invoke(Method.java:498)
	at org.apache.maven.surefire.util.ReflectionUtils.invokeMethodWithArray(ReflectionUtils.java:189)
	at org.apache.maven.surefire.booter.ProviderFactory$ProviderProxy.invoke(ProviderFactory.java:165)
	at org.apache.maven.surefire.booter.ProviderFactory.invokeProvider(ProviderFactory.java:85)
	at org.apache.maven.surefire.booter.ForkedBooter.runSuitesInProcess(ForkedBooter.java:115)
	at org.apache.maven.surefire.booter.ForkedBooter.main(ForkedBooter.java:75)
Caused by: org.apache.ibatis.builder.BuilderException: Error parsing SQL Mapper Configuration. Cause: org.apache.ibatis.builder.BuilderException: Error parsing Mapper XML. The XML location is &apos;mapper/BlogMapper.xml&apos;. Cause: java.lang.IllegalStateException: Type handler was null on parameter mapping for property &apos;authorId&apos;. It was either not specified and/or could not be found for the javaType (com.zhenggq.afterclasswork.mybatis.ch01.vo.Author) : jdbcType (INTEGER) combination.
	at org.apache.ibatis.builder.xml.XMLConfigBuilder.parseConfiguration(XMLConfigBuilder.java:121)
	at org.apache.ibatis.builder.xml.XMLConfigBuilder.parse(XMLConfigBuilder.java:99)
	at org.apache.ibatis.session.SqlSessionFactoryBuilder.build(SqlSessionFactoryBuilder.java:78)
	... 23 more
Caused by: org.apache.ibatis.builder.BuilderException: Error parsing Mapper XML. The XML location is &apos;mapper/BlogMapper.xml&apos;. Cause: java.lang.IllegalStateException: Type handler was null on parameter mapping for property &apos;authorId&apos;. It was either not specified and/or could not be found for the javaType (com.zhenggq.afterclasswork.mybatis.ch01.vo.Author) : jdbcType (INTEGER) combination.
	at org.apache.ibatis.builder.xml.XMLMapperBuilder.configurationElement(XMLMapperBuilder.java:120)
	at org.apache.ibatis.builder.xml.XMLMapperBuilder.parse(XMLMapperBuilder.java:92)
	at org.apache.ibatis.builder.xml.XMLConfigBuilder.mapperElement(XMLConfigBuilder.java:373)
	at org.apache.ibatis.builder.xml.XMLConfigBuilder.parseConfiguration(XMLConfigBuilder.java:119)
	... 25 more
Caused by: java.lang.IllegalStateException: Type handler was null on parameter mapping for property &apos;authorId&apos;. It was either not specified and/or could not be found for the javaType (com.zhenggq.afterclasswork.mybatis.ch01.vo.Author) : jdbcType (INTEGER) combination.
	at org.apache.ibatis.mapping.ParameterMapping$Builder.validate(ParameterMapping.java:119)
	at org.apache.ibatis.mapping.ParameterMapping$Builder.build(ParameterMapping.java:104)
	at org.apache.ibatis.builder.SqlSourceBuilder$ParameterMappingTokenHandler.buildParameterMapping(SqlSourceBuilder.java:123)
	at org.apache.ibatis.builder.SqlSourceBuilder$ParameterMappingTokenHandler.handleToken(SqlSourceBuilder.java:67)
	at org.apache.ibatis.parsing.GenericTokenParser.parse(GenericTokenParser.java:78)
	at org.apache.ibatis.builder.SqlSourceBuilder.parse(SqlSourceBuilder.java:45)
	at org.apache.ibatis.scripting.defaults.RawSqlSource.&lt;init&gt;(RawSqlSource.java:46)
	at org.apache.ibatis.scripting.defaults.RawSqlSource.&lt;init&gt;(RawSqlSource.java:40)
	at org.apache.ibatis.scripting.xmltags.XMLScriptBuilder.parseScriptNode(XMLScriptBuilder.java:72)
	at org.apache.ibatis.scripting.xmltags.XMLLanguageDriver.createSqlSource(XMLLanguageDriver.java:44)
	at org.apache.ibatis.builder.xml.XMLStatementBuilder.parseStatementNode(XMLStatementBuilder.java:94)
	at org.apache.ibatis.builder.xml.XMLMapperBuilder.buildStatementFromContext(XMLMapperBuilder.java:135)
	at org.apache.ibatis.builder.xml.XMLMapperBuilder.buildStatementFromContext(XMLMapperBuilder.java:128)
	at org.apache.ibatis.builder.xml.XMLMapperBuilder.configurationElement(XMLMapperBuilder.java:118)
	... 28 more
</error>
    <system-out>16:56:36,660 |-INFO in ch.qos.logback.classic.LoggerContext[mybatis-ch01] - Could NOT find resource [logback-test.xml]
16:56:36,660 |-INFO in ch.qos.logback.classic.LoggerContext[mybatis-ch01] - Could NOT find resource [logback.groovy]
16:56:36,660 |-INFO in ch.qos.logback.classic.LoggerContext[mybatis-ch01] - Found resource [logback.xml] at [file:/D:/Java/Share/afterclasswork/mybatis/mybatis-ch01/target/classes/logback.xml]
16:56:36,701 |-INFO in ch.qos.logback.classic.joran.action.ConfigurationAction - debug attribute not set
16:56:36,705 |-INFO in ch.qos.logback.classic.joran.action.ContextNameAction - Setting logger context name as [mybatis-ch01]
16:56:36,707 |-INFO in ch.qos.logback.core.joran.action.TimestampAction - Using context birth as time reference.
16:56:36,712 |-INFO in ch.qos.logback.core.joran.action.TimestampAction - Adding property to the context with key=&quot;bySecond&quot; and value=&quot;20180927&quot; to the LOCAL scope
16:56:36,712 |-INFO in ch.qos.logback.core.joran.action.AppenderAction - About to instantiate appender of type [ch.qos.logback.core.ConsoleAppender]
16:56:36,715 |-INFO in ch.qos.logback.core.joran.action.AppenderAction - Naming appender as [STDOUT]
16:56:36,724 |-INFO in ch.qos.logback.core.joran.action.NestedComplexPropertyIA - Assuming default type [ch.qos.logback.classic.encoder.PatternLayoutEncoder] for [encoder] property
16:56:36,747 |-INFO in ch.qos.logback.core.joran.action.AppenderAction - About to instantiate appender of type [ch.qos.logback.core.FileAppender]
16:56:36,749 |-INFO in ch.qos.logback.core.joran.action.AppenderAction - Naming appender as [FILE]
16:56:36,749 |-INFO in ch.qos.logback.core.joran.action.NestedComplexPropertyIA - Assuming default type [ch.qos.logback.classic.encoder.PatternLayoutEncoder] for [encoder] property
16:56:36,751 |-INFO in ch.qos.logback.core.FileAppender[FILE] - File property is set to [./log/mybatis-ch01-20180927.log]
16:56:36,752 |-INFO in ch.qos.logback.core.joran.action.AppenderAction - About to instantiate appender of type [ch.qos.logback.core.rolling.RollingFileAppender]
16:56:36,753 |-INFO in ch.qos.logback.core.joran.action.AppenderAction - Naming appender as [ROLLINGFILE]
16:56:36,771 |-INFO in c.q.l.core.rolling.TimeBasedRollingPolicy@31705400 - No compression will be used
16:56:36,772 |-INFO in c.q.l.core.rolling.TimeBasedRollingPolicy@31705400 - Will use the pattern ./log/logFile.%d{yyyy-MM-dd}_%i.log for the active file
16:56:36,774 |-INFO in ch.qos.logback.core.rolling.SizeAndTimeBasedFNATP@183967b - The date pattern is &apos;yyyy-MM-dd&apos; from file name pattern &apos;./log/logFile.%d{yyyy-MM-dd}_%i.log&apos;.
16:56:36,774 |-INFO in ch.qos.logback.core.rolling.SizeAndTimeBasedFNATP@183967b - Roll-over at midnight.
16:56:36,776 |-INFO in ch.qos.logback.core.rolling.SizeAndTimeBasedFNATP@183967b - Setting initial period to Thu Sep 27 16:56:36 CST 2018
16:56:36,776 |-WARN in ch.qos.logback.core.rolling.SizeAndTimeBasedFNATP@183967b - SizeAndTimeBasedFNATP is deprecated. Use SizeAndTimeBasedRollingPolicy instead
16:56:36,776 |-WARN in ch.qos.logback.core.rolling.SizeAndTimeBasedFNATP@183967b - For more information see http://logback.qos.ch/manual/appenders.html#SizeAndTimeBasedRollingPolicy
16:56:36,778 |-INFO in ch.qos.logback.core.joran.action.NestedComplexPropertyIA - Assuming default type [ch.qos.logback.classic.encoder.PatternLayoutEncoder] for [encoder] property
16:56:36,779 |-INFO in ch.qos.logback.core.rolling.RollingFileAppender[ROLLINGFILE] - Active log file name: ./log/logFile.2018-09-27_0.log
16:56:36,779 |-INFO in ch.qos.logback.core.rolling.RollingFileAppender[ROLLINGFILE] - File property is set to [null]
16:56:36,779 |-INFO in ch.qos.logback.classic.joran.action.LoggerAction - Setting level of logger [com.zhenggq.afterclasswork.mybatis.ch01] to DEBUG
16:56:36,779 |-INFO in ch.qos.logback.classic.joran.action.LoggerAction - Setting additivity of logger [com.zhenggq.afterclasswork.mybatis.ch01] to false
16:56:36,779 |-INFO in ch.qos.logback.core.joran.action.AppenderRefAction - Attaching appender named [STDOUT] to Logger[com.zhenggq.afterclasswork.mybatis.ch01]
16:56:36,780 |-INFO in ch.qos.logback.core.joran.action.AppenderRefAction - Attaching appender named [ROLLINGFILE] to Logger[com.zhenggq.afterclasswork.mybatis.ch01]
16:56:36,780 |-INFO in ch.qos.logback.classic.joran.action.RootLoggerAction - Setting level of ROOT logger to DEBUG
16:56:36,780 |-INFO in ch.qos.logback.core.joran.action.AppenderRefAction - Attaching appender named [STDOUT] to Logger[ROOT]
16:56:36,780 |-INFO in ch.qos.logback.classic.joran.action.ConfigurationAction - End of configuration.
16:56:36,781 |-INFO in ch.qos.logback.classic.joran.JoranConfigurator@c273d3 - Registering current configuration as safe fallback point

2018-09-27 16:56:36,788 [main] &amp;#27;[39m&amp;#27;[0;39mDEBUG &amp;#27;[36m&amp;#27;[0;39morg.apache.ibatis.logging.LogFactory.setImplementation - Logging initialized using &apos;class org.apache.ibatis.logging.slf4j.Slf4jImpl&apos; adapter.
2018-09-27 16:56:36,886 [main] &amp;#27;[39m&amp;#27;[0;39mDEBUG &amp;#27;[36m&amp;#27;[0;39morg.apache.ibatis.datasource.pooled.PooledDataSource.forceCloseAll - PooledDataSource forcefully closed/removed all connections.
2018-09-27 16:56:36,887 [main] &amp;#27;[39m&amp;#27;[0;39mDEBUG &amp;#27;[36m&amp;#27;[0;39morg.apache.ibatis.datasource.pooled.PooledDataSource.forceCloseAll - PooledDataSource forcefully closed/removed all connections.
2018-09-27 16:56:36,887 [main] &amp;#27;[39m&amp;#27;[0;39mDEBUG &amp;#27;[36m&amp;#27;[0;39morg.apache.ibatis.datasource.pooled.PooledDataSource.forceCloseAll - PooledDataSource forcefully closed/removed all connections.
2018-09-27 16:56:36,887 [main] &amp;#27;[39m&amp;#27;[0;39mDEBUG &amp;#27;[36m&amp;#27;[0;39morg.apache.ibatis.datasource.pooled.PooledDataSource.forceCloseAll - PooledDataSource forcefully closed/removed all connections.
</system-out>
  </testcase>
</testsuite>